2025-12-22 20:18:57 [info]: Redis disabled, using in-memory rate limiting
2025-12-22 20:18:57 [info]: Configuring route: /v1/auth -> http://localhost:5000 (Auth: false)
2025-12-22 20:18:57 [info]: Configuring route: /v1/user -> http://localhost:5000 (Auth: true)
2025-12-22 20:18:57 [info]: Configuring route: /v1/laptops -> http://localhost:3004 (Auth: false)
2025-12-22 20:18:57 [info]: Configuring route: /v1/cart -> http://localhost:3001 (Auth: true)
2025-12-22 20:18:57 [info]: Configuring route: /v1/orders -> http://localhost:3002 (Auth: true)
2025-12-22 20:18:57 [info]: 🚀 API Gateway started successfully
2025-12-22 20:18:57 [info]: 📍 Environment: development
2025-12-22 20:18:57 [info]: 🌐 Port: 3000
2025-12-22 20:18:57 [info]: 🔒 CORS Origin: http://localhost:4200
2025-12-22 20:18:57 [info]: 📊 Redis: Disabled
2025-12-22 20:18:57 [info]: 🛡️  Rate Limiting: Enabled
2025-12-22 20:18:57 [info]: ✅ Ready to handle requests
2025-12-22 20:19:13 [info]: SIGINT received, starting graceful shutdown...
2025-12-22 20:19:13 [info]: HTTP server closed
2025-12-22 20:19:14 [info]: Shutdown complete, exiting process
2025-12-22 20:19:25 [info]: Redis disabled, using in-memory rate limiting
2025-12-22 20:19:25 [info]: Configuring route: /v1/auth -> http://localhost:5000 (Auth: false)
2025-12-22 20:19:25 [info]: Configuring route: /v1/user -> http://localhost:5000 (Auth: true)
2025-12-22 20:19:25 [info]: Configuring route: /v1/laptops -> http://localhost:3004 (Auth: false)
2025-12-22 20:19:25 [info]: Configuring route: /v1/cart -> http://localhost:3001 (Auth: true)
2025-12-22 20:19:25 [info]: Configuring route: /v1/orders -> http://localhost:3002 (Auth: true)
2025-12-22 20:19:25 [info]: 🚀 API Gateway started successfully
2025-12-22 20:19:25 [info]: 📍 Environment: development
2025-12-22 20:19:25 [info]: 🌐 Port: 3000
2025-12-22 20:19:25 [info]: 🔒 CORS Origin: http://localhost:4200
2025-12-22 20:19:25 [info]: 📊 Redis: Disabled
2025-12-22 20:19:25 [info]: 🛡️  Rate Limiting: Enabled
2025-12-22 20:19:25 [info]: ✅ Ready to handle requests
2025-12-22 20:19:44 [info]: SIGINT received, starting graceful shutdown...
2025-12-22 20:19:44 [info]: HTTP server closed
2025-12-22 20:19:45 [info]: Shutdown complete, exiting process
2025-12-22 20:20:09 [info]: Redis disabled, using in-memory rate limiting
2025-12-22 20:20:09 [info]: Configuring route: /v1/auth -> http://localhost:5000 (Auth: false)
2025-12-22 20:20:09 [info]: Configuring route: /v1/user -> http://localhost:5000 (Auth: true)
2025-12-22 20:20:09 [info]: Configuring route: /v1/laptops -> http://localhost:3004 (Auth: false)
2025-12-22 20:20:09 [info]: Configuring route: /v1/cart -> http://localhost:3001 (Auth: true)
2025-12-22 20:20:09 [info]: Configuring route: /v1/orders -> http://localhost:3002 (Auth: true)
2025-12-22 20:20:09 [info]: 🚀 API Gateway started successfully
2025-12-22 20:20:09 [info]: 📍 Environment: development
2025-12-22 20:20:09 [info]: 🌐 Port: 3000
2025-12-22 20:20:09 [info]: 🔒 CORS Origin: http://localhost:4200
2025-12-22 20:20:09 [info]: 📊 Redis: Disabled
2025-12-22 20:20:09 [info]: 🛡️  Rate Limiting: Enabled
2025-12-22 20:20:09 [info]: ✅ Ready to handle requests
2025-12-22 20:20:18 [info]: GET /health
2025-12-22 20:20:26 [info]: GET /v1/laptops
2025-12-22 20:21:11 [info]: GET /v1/laptops
2025-12-22 20:22:03 [info]: POST /v1/auth/register
2025-12-22 20:22:03 [error]: Proxy error to http://localhost:5000: 
2025-12-22 20:23:12 [info]: GET /v1/laptops
2025-12-22 20:23:20 [info]: GET /v1/laptops
2025-12-22 20:26:27 [info]: Redis disabled, using in-memory rate limiting
2025-12-22 20:26:27 [info]: Configuring route: /v1/auth -> http://localhost:5000 (Auth: false)
2025-12-22 20:26:27 [info]: Configuring route: /v1/user -> http://localhost:5000 (Auth: true)
2025-12-22 20:26:27 [info]: Configuring route: /v1/laptops -> http://localhost:3004 (Auth: false)
2025-12-22 20:26:27 [info]: Configuring route: /v1/cart -> http://localhost:3001 (Auth: true)
2025-12-22 20:26:27 [info]: Configuring route: /v1/orders -> http://localhost:3002 (Auth: true)
2025-12-22 20:26:27 [info]: 🚀 API Gateway started successfully
2025-12-22 20:26:27 [info]: 📍 Environment: development
2025-12-22 20:26:27 [info]: 🌐 Port: 3000
2025-12-22 20:26:27 [info]: 🔒 CORS Origin: http://localhost:4200
2025-12-22 20:26:27 [info]: 📊 Redis: Disabled
2025-12-22 20:26:27 [info]: 🛡️  Rate Limiting: Enabled
2025-12-22 20:26:27 [info]: ✅ Ready to handle requests
2025-12-22 20:26:33 [info]: GET /v1/laptops
2025-12-22 20:26:45 [info]: POST /v1/auth/register
2025-12-22 20:26:56 [info]: POST /v1/auth/register
2025-12-22 20:26:56 [info]: GET /v1/cart
2025-12-22 20:27:12 [info]: GET /v1/orders
2025-12-22 20:27:14 [info]: GET /v1/laptops
2025-12-22 20:27:16 [info]: POST /v1/cart/add
2025-12-22 20:27:17 [info]: POST /v1/cart/add
2025-12-22 20:27:19 [info]: GET /v1/cart
2025-12-22 20:27:23 [info]: GET /v1/laptops
2025-12-22 20:27:27 [info]: GET /v1/cart
2025-12-22 20:27:29 [info]: GET /v1/cart
2025-12-22 20:27:52 [info]: POST /v1/orders
2025-12-22 20:28:00 [info]: POST /v1/orders
2025-12-22 20:28:13 [info]: GET /v1/laptops
2025-12-22 20:28:13 [info]: GET /v1/cart
2025-12-22 20:31:32 [info]: SIGTERM received, starting graceful shutdown...
2025-12-22 20:31:32 [info]: HTTP server closed
2025-12-22 20:31:33 [info]: Shutdown complete, exiting process
2025-12-22 20:31:54 [info]: Redis disabled, using in-memory rate limiting
2025-12-22 20:31:54 [info]: Configuring route: /v1/auth -> http://localhost:5000 (Auth: false)
2025-12-22 20:31:54 [info]: Configuring route: /v1/user -> http://localhost:5000 (Auth: true)
2025-12-22 20:31:54 [info]: Configuring route: /v1/laptops -> http://localhost:3004 (Auth: false)
2025-12-22 20:31:54 [info]: Configuring route: /v1/cart -> http://localhost:3001 (Auth: true)
2025-12-22 20:31:54 [info]: Configuring route: /v1/orders -> http://localhost:3002 (Auth: true)
2025-12-22 20:31:54 [info]: 🚀 API Gateway started successfully
2025-12-22 20:31:54 [info]: 📍 Environment: development
2025-12-22 20:31:54 [info]: 🌐 Port: 3000
2025-12-22 20:31:54 [info]: 🔒 CORS Origin: http://localhost:4200
2025-12-22 20:31:54 [info]: 📊 Redis: Disabled
2025-12-22 20:31:54 [info]: 🛡️  Rate Limiting: Enabled
2025-12-22 20:31:54 [info]: ✅ Ready to handle requests
2025-12-22 20:32:18 [info]: GET /health
2025-12-22 20:33:28 [info]: GET /v1/cart
2025-12-22 20:33:41 [info]: POST /v1/orders
2025-12-22 20:33:42 [info]: GET /v1/orders
2025-12-22 20:33:45 [info]: GET /v1/laptops
2025-12-22 20:34:04 [info]: GET /v1/orders
2025-12-22 20:34:09 [info]: POST /v1/auth/logout
2025-12-22 20:34:10 [info]: GET /v1/laptops
2025-12-22 20:34:24 [info]: POST /v1/auth/login
2025-12-22 20:34:24 [info]: GET /v1/cart
2025-12-22 20:34:25 [info]: GET /v1/orders
2025-12-22 20:35:04 [info]: GET /v1/laptops
2025-12-22 20:35:13 [info]: GET /v1/orders
2025-12-22 20:36:57 [info]: GET /v1/auth/refresh
2025-12-22 20:36:57 [info]: GET /v1/cart
2025-12-22 20:37:28 [info]: GET /v1/auth/refresh
2025-12-22 20:37:28 [info]: GET /v1/cart
2025-12-22 20:37:29 [info]: GET /v1/auth/refresh
2025-12-22 20:37:29 [info]: GET /v1/orders
2025-12-22 20:37:30 [info]: GET /v1/cart
2025-12-22 20:37:32 [info]: GET /v1/auth/refresh
2025-12-22 20:37:32 [info]: GET /v1/cart
2025-12-22 20:37:32 [info]: GET /v1/auth/refresh
2025-12-22 20:37:32 [info]: GET /v1/orders
2025-12-22 20:37:32 [info]: GET /v1/cart
2025-12-22 20:37:33 [info]: GET /v1/auth/refresh
2025-12-22 20:37:33 [info]: GET /v1/cart
2025-12-22 20:37:34 [info]: GET /v1/auth/refresh
2025-12-22 20:37:34 [info]: GET /v1/orders
2025-12-22 20:37:34 [info]: GET /v1/cart
2025-12-22 20:37:37 [info]: GET /v1/auth/refresh
2025-12-22 20:37:37 [info]: GET /v1/cart
2025-12-22 20:37:38 [info]: GET /v1/auth/refresh
2025-12-22 20:37:38 [info]: GET /v1/orders
2025-12-22 20:37:38 [info]: GET /v1/cart
2025-12-22 20:37:42 [info]: GET /v1/auth/refresh
2025-12-22 20:37:42 [info]: GET /v1/cart
2025-12-22 20:37:43 [info]: GET /v1/auth/refresh
2025-12-22 20:37:43 [info]: GET /v1/orders
2025-12-22 20:37:43 [info]: GET /v1/cart
2025-12-22 20:37:51 [info]: GET /v1/laptops
2025-12-22 20:39:53 [info]: Redis disabled, using in-memory rate limiting
2025-12-22 20:39:53 [info]: Configuring route: /v1/auth -> http://localhost:5000 (Auth: false)
2025-12-22 20:39:53 [info]: Configuring route: /v1/user -> http://localhost:5000 (Auth: true)
2025-12-22 20:39:53 [info]: Configuring route: /v1/laptops -> http://localhost:3004 (Auth: false)
2025-12-22 20:39:53 [info]: Configuring route: /v1/cart -> http://localhost:3001 (Auth: true)
2025-12-22 20:39:53 [info]: Configuring route: /v1/orders -> http://localhost:3002 (Auth: true)
2025-12-22 20:39:53 [info]: 🚀 API Gateway started successfully
2025-12-22 20:39:53 [info]: 📍 Environment: development
2025-12-22 20:39:53 [info]: 🌐 Port: 3000
2025-12-22 20:39:53 [info]: 🔒 CORS Origin: http://localhost:4200
2025-12-22 20:39:53 [info]: 📊 Redis: Disabled
2025-12-22 20:39:53 [info]: 🛡️  Rate Limiting: Enabled
2025-12-22 20:39:53 [info]: ✅ Ready to handle requests
2025-12-22 20:40:10 [info]: GET /v1/laptops
2025-12-22 20:40:12 [info]: POST /v1/cart/add
2025-12-22 20:40:12 [info]: GET /v1/cart
2025-12-22 20:40:20 [info]: POST /v1/orders
2025-12-22 20:40:21 [info]: GET /v1/orders
2025-12-22 20:41:09 [info]: GET /v1/laptops
2025-12-22 20:41:30 [info]: GET /v1/orders
2025-12-22 20:41:32 [info]: POST /v1/auth/logout
2025-12-22 20:41:35 [info]: GET /v1/laptops
2025-12-22 20:41:40 [info]: POST /v1/auth/login
2025-12-22 20:41:41 [info]: GET /v1/cart
2025-12-22 20:41:42 [info]: GET /v1/orders
2025-12-22 20:43:24 [info]: GET /v1/laptops
2025-12-22 20:44:11 [info]: GET /v1/auth/refresh
2025-12-22 20:44:11 [info]: GET /v1/laptops
2025-12-22 20:44:12 [info]: GET /v1/cart
2025-12-22 20:44:46 [info]: GET /v1/auth/refresh
2025-12-22 20:44:46 [info]: GET /v1/laptops
2025-12-22 20:44:46 [info]: GET /v1/cart
2025-12-22 20:45:41 [info]: GET /v1/auth/refresh
2025-12-22 20:45:41 [info]: GET /v1/laptops
2025-12-22 20:45:41 [info]: GET /v1/cart
2025-12-22 20:46:06 [info]: GET /v1/auth/refresh
2025-12-22 20:46:06 [info]: GET /v1/laptops
2025-12-22 20:46:06 [info]: GET /v1/cart
2025-12-22 20:46:42 [info]: GET /v1/auth/refresh
2025-12-22 20:46:42 [info]: GET /v1/laptops
2025-12-22 20:46:42 [info]: GET /v1/cart
2025-12-22 20:47:56 [info]: POST /v1/cart/add
2025-12-22 20:47:56 [info]: GET /v1/cart
2025-12-22 20:48:02 [info]: POST /v1/orders
2025-12-22 20:48:03 [info]: GET /v1/orders
2025-12-22 20:48:23 [info]: POST /v1/auth/logout
2025-12-22 20:48:28 [info]: POST /v1/auth/login
2025-12-22 20:48:28 [info]: GET /v1/cart
2025-12-22 20:48:31 [info]: GET /v1/auth/refresh
2025-12-22 20:48:31 [info]: GET /v1/orders
2025-12-22 20:48:31 [info]: GET /v1/cart
2025-12-22 20:48:35 [info]: GET /v1/laptops
2025-12-22 20:48:35 [info]: POST /v1/auth/logout
2025-12-22 20:48:41 [info]: POST /v1/auth/login
2025-12-22 20:48:42 [info]: GET /v1/cart
2025-12-22 20:48:43 [info]: GET /v1/orders
2025-12-22 20:50:19 [info]: GET /v1/laptops
2025-12-22 20:50:42 [info]: GET /v1/orders
2025-12-22 20:51:00 [info]: POST /v1/auth/logout
2025-12-22 20:51:01 [info]: GET /v1/laptops
2025-12-22 20:51:07 [info]: POST /v1/auth/login
2025-12-22 20:51:07 [info]: GET /v1/cart
2025-12-22 20:51:08 [info]: GET /v1/orders
2025-12-22 20:51:11 [info]: GET /v1/laptops
2025-12-22 20:54:35 [info]: GET /v1/orders
2025-12-22 21:04:15 [info]: GET /v1/laptops
2025-12-22 21:04:17 [info]: POST /v1/cart/add
2025-12-22 21:04:17 [info]: GET /v1/cart
2025-12-22 21:04:25 [info]: GET /v1/laptops
2025-12-22 21:04:27 [info]: POST /v1/cart/add
2025-12-22 21:04:27 [info]: GET /v1/cart
2025-12-22 21:04:29 [info]: GET /v1/laptops
2025-12-22 21:04:46 [info]: Redis disabled, using in-memory rate limiting
2025-12-22 21:04:46 [info]: Configuring route: /v1/auth -> http://localhost:5000 (Auth: false)
2025-12-22 21:04:46 [info]: Configuring route: /v1/user -> http://localhost:5000 (Auth: true)
2025-12-22 21:04:46 [info]: Configuring route: /v1/laptops -> http://localhost:3004 (Auth: false)
2025-12-22 21:04:46 [info]: Configuring route: /v1/cart -> http://localhost:3001 (Auth: true)
2025-12-22 21:04:46 [info]: Configuring route: /v1/orders -> http://localhost:3002 (Auth: true)
2025-12-22 21:04:46 [info]: 🚀 API Gateway started successfully
2025-12-22 21:04:46 [info]: 📍 Environment: development
2025-12-22 21:04:46 [info]: 🌐 Port: 3000
2025-12-22 21:04:46 [info]: 🔒 CORS Origin: http://localhost:4200
2025-12-22 21:04:46 [info]: 📊 Redis: Disabled
2025-12-22 21:04:46 [info]: 🛡️  Rate Limiting: Enabled
2025-12-22 21:04:46 [info]: ✅ Ready to handle requests
2025-12-22 21:04:50 [info]: POST /v1/cart/add
2025-12-22 21:04:50 [info]: GET /v1/cart
2025-12-22 21:04:55 [info]: POST /v1/orders
2025-12-22 21:04:57 [info]: GET /v1/orders
2025-12-22 21:09:40 [info]: GET /v1/auth/refresh
2025-12-22 21:09:40 [info]: GET /v1/orders
2025-12-22 21:09:41 [info]: GET /v1/cart
2025-12-22 21:09:52 [info]: GET /v1/auth/refresh
2025-12-22 21:09:52 [info]: GET /v1/orders
2025-12-22 21:09:52 [info]: GET /v1/cart
2025-12-22 21:09:58 [info]: GET /v1/auth/refresh
2025-12-22 21:09:58 [info]: GET /v1/orders
2025-12-22 21:09:58 [info]: GET /v1/cart
2025-12-22 21:10:01 [info]: GET /v1/laptops
2025-12-22 21:10:02 [info]: GET /v1/auth/refresh
2025-12-22 21:10:02 [info]: GET /v1/laptops
2025-12-22 21:10:03 [info]: GET /v1/cart
2025-12-22 21:10:03 [info]: POST /v1/auth/logout
2025-12-22 21:10:56 [info]: GET /v1/laptops
2025-12-22 21:10:59 [info]: GET /v1/orders/all
2025-12-22 21:10:59 [warn]: Authentication failed: No token provided for GET /all
2025-12-22 21:11:00 [info]: GET /v1/orders/all
2025-12-22 21:11:00 [warn]: Authentication failed: No token provided for GET /all
2025-12-22 21:11:00 [info]: GET /v1/orders/all
2025-12-22 21:11:00 [warn]: Authentication failed: No token provided for GET /all
2025-12-22 21:11:01 [info]: GET /v1/orders/all
2025-12-22 21:11:01 [warn]: Authentication failed: No token provided for GET /all
2025-12-22 21:11:01 [info]: GET /v1/orders/all
2025-12-22 21:11:01 [warn]: Authentication failed: No token provided for GET /all
2025-12-22 21:11:01 [info]: GET /v1/orders/all
2025-12-22 21:11:01 [warn]: Authentication failed: No token provided for GET /all
2025-12-22 21:11:01 [info]: GET /v1/orders/all
2025-12-22 21:11:01 [warn]: Authentication failed: No token provided for GET /all
2025-12-22 21:11:01 [info]: GET /v1/orders/all
2025-12-22 21:11:01 [warn]: Authentication failed: No token provided for GET /all
2025-12-22 21:11:25 [info]: GET /v1/laptops
2025-12-22 21:11:27 [info]: GET /v1/orders/all
2025-12-22 21:11:27 [warn]: Authentication failed: No token provided for GET /all
2025-12-22 21:11:27 [info]: GET /v1/orders/all
2025-12-22 21:11:27 [warn]: Authentication failed: No token provided for GET /all
2025-12-22 21:11:28 [info]: GET /v1/orders/all
2025-12-22 21:11:28 [warn]: Authentication failed: No token provided for GET /all
2025-12-22 21:11:28 [info]: GET /v1/orders/all
2025-12-22 21:11:28 [warn]: Authentication failed: No token provided for GET /all
2025-12-22 21:12:22 [info]: GET /v1/laptops
2025-12-22 21:12:22 [info]: GET /v1/laptops
2025-12-22 21:18:54 [info]: GET /v1/laptops
2025-12-22 21:21:14 [info]: GET /v1/laptops
2025-12-22 21:23:58 [info]: GET /v1/laptops
2025-12-22 21:24:08 [info]: GET /v1/laptops
2025-12-22 21:26:14 [info]: GET /v1/laptops
2025-12-22 21:26:15 [info]: GET /v1/laptops
2025-12-22 21:28:00 [info]: GET /v1/laptops
2025-12-22 21:30:36 [info]: Redis disabled, using in-memory rate limiting
2025-12-22 21:30:36 [info]: Configuring route: /v1/auth -> http://localhost:5000 (Auth: false)
2025-12-22 21:30:36 [info]: Configuring route: /v1/user -> http://localhost:5000 (Auth: true)
2025-12-22 21:30:36 [info]: Configuring route: /v1/laptops -> http://localhost:3004 (Auth: false)
2025-12-22 21:30:36 [info]: Configuring route: /v1/cart -> http://localhost:3001 (Auth: true)
2025-12-22 21:30:36 [info]: Configuring route: /v1/orders -> http://localhost:3002 (Auth: true)
2025-12-22 21:30:36 [info]: 🚀 API Gateway started successfully
2025-12-22 21:30:36 [info]: 📍 Environment: development
2025-12-22 21:30:36 [info]: 🌐 Port: 3000
2025-12-22 21:30:36 [info]: 🔒 CORS Origin: http://localhost:4200
2025-12-22 21:30:36 [info]: 📊 Redis: Disabled
2025-12-22 21:30:36 [info]: 🛡️  Rate Limiting: Enabled
2025-12-22 21:30:36 [info]: ✅ Ready to handle requests
2025-12-22 21:30:57 [info]: GET /v1/laptops
2025-12-22 21:34:55 [info]: GET /v1/laptops
2025-12-22 21:35:37 [info]: POST /v1/auth/login
2025-12-22 21:35:37 [info]: GET /v1/cart
2025-12-22 21:35:39 [info]: POST /v1/cart/add
2025-12-22 21:35:39 [info]: GET /v1/cart
2025-12-22 21:35:44 [info]: POST /v1/orders
2025-12-22 21:35:45 [info]: GET /v1/orders
2025-12-22 21:35:49 [info]: GET /v1/auth/refresh
2025-12-22 21:35:49 [info]: GET /v1/laptops
2025-12-22 21:35:49 [info]: GET /v1/cart
2025-12-22 21:36:02 [info]: GET /v1/laptops
2025-12-22 21:36:07 [info]: POST /v1/cart/add
2025-12-22 21:36:07 [info]: POST /v1/cart/add
2025-12-22 21:46:15 [info]: POST /v1/auth/logout
2025-12-22 21:46:42 [info]: POST /v1/auth/login
2025-12-22 21:46:43 [info]: GET /v1/cart
2025-12-22 21:46:48 [info]: POST /v1/cart/add
2025-12-22 21:46:48 [info]: GET /v1/cart
2025-12-22 21:47:59 [info]: GET /v1/laptops
2025-12-22 21:49:10 [info]: GET /v1/laptops
2025-12-22 21:49:10 [info]: GET /v1/laptops
2025-12-22 21:49:28 [info]: GET /v1/laptops
2025-12-22 21:49:28 [info]: GET /v1/laptops
2025-12-22 21:49:41 [info]: GET /v1/laptops
2025-12-22 21:49:41 [info]: GET /v1/laptops
2025-12-22 21:49:42 [info]: GET /v1/laptops
2025-12-22 21:49:42 [info]: GET /v1/laptops
2025-12-22 21:50:15 [info]: GET /v1/orders
2025-12-22 21:50:59 [info]: GET /v1/laptops
2025-12-22 21:50:59 [info]: GET /v1/orders
2025-12-22 21:51:23 [info]: GET /v1/laptops
2025-12-22 21:52:19 [info]: GET /v1/auth/refresh
2025-12-22 21:52:19 [info]: GET /v1/laptops
2025-12-22 21:52:20 [info]: GET /v1/auth/refresh
2025-12-22 21:52:20 [info]: GET /v1/laptops
2025-12-22 21:52:20 [info]: GET /v1/cart
2025-12-22 21:52:20 [info]: GET /v1/cart
2025-12-22 21:55:27 [info]: GET /v1/auth/refresh
2025-12-22 21:55:27 [info]: GET /v1/laptops
2025-12-22 21:55:27 [info]: GET /v1/cart
2025-12-22 21:55:27 [info]: GET /v1/auth/refresh
2025-12-22 21:55:27 [info]: GET /v1/laptops
2025-12-22 21:55:28 [info]: GET /v1/cart
2025-12-22 21:55:35 [info]: GET /v1/laptops
2025-12-22 21:55:35 [info]: GET /v1/laptops
2025-12-22 21:55:41 [info]: GET /v1/laptops
2025-12-22 21:56:17 [info]: GET /v1/laptops
2025-12-22 21:56:17 [info]: GET /v1/laptops
2025-12-22 21:56:38 [info]: GET /v1/laptops
2025-12-22 21:56:38 [info]: GET /v1/laptops
2025-12-22 21:56:40 [info]: GET /v1/laptops
2025-12-22 21:56:40 [info]: GET /v1/laptops
2025-12-22 21:56:42 [info]: GET /v1/laptops
2025-12-22 21:56:42 [info]: GET /v1/laptops
2025-12-22 21:56:52 [info]: GET /v1/laptops
2025-12-22 21:56:52 [info]: GET /v1/laptops
2025-12-22 21:56:53 [info]: GET /v1/laptops
2025-12-22 21:56:53 [info]: GET /v1/laptops
2025-12-22 21:56:56 [info]: GET /v1/laptops
2025-12-22 21:56:56 [info]: GET /v1/laptops
2025-12-22 21:57:02 [info]: GET /v1/laptops
2025-12-22 21:57:02 [info]: GET /v1/laptops
2025-12-22 21:57:04 [info]: GET /v1/laptops
2025-12-22 21:57:04 [info]: GET /v1/laptops
2025-12-22 21:57:09 [info]: GET /v1/laptops
2025-12-22 21:57:10 [info]: GET /v1/laptops
2025-12-22 21:57:22 [info]: GET /v1/laptops
2025-12-22 21:57:22 [info]: GET /v1/laptops
2025-12-22 21:57:24 [info]: GET /v1/laptops
2025-12-22 21:57:24 [info]: GET /v1/laptops
2025-12-22 21:57:27 [info]: GET /v1/laptops
2025-12-22 21:57:27 [info]: GET /v1/laptops
2025-12-22 21:59:04 [info]: GET /v1/laptops
2025-12-22 21:59:04 [info]: GET /v1/laptops
2025-12-22 21:59:15 [info]: GET /v1/auth/refresh
2025-12-22 21:59:15 [info]: GET /v1/laptops
2025-12-22 21:59:15 [info]: GET /v1/cart
2025-12-22 21:59:15 [info]: GET /v1/auth/refresh
2025-12-22 21:59:15 [info]: GET /v1/laptops
2025-12-22 21:59:15 [info]: GET /v1/cart
2025-12-22 21:59:39 [info]: GET /v1/laptops
2025-12-22 21:59:39 [info]: GET /v1/laptops
2025-12-22 21:59:42 [info]: GET /v1/laptops
2025-12-22 21:59:42 [info]: GET /v1/laptops
2025-12-22 22:00:39 [info]: GET /v1/laptops
2025-12-22 22:00:39 [info]: GET /v1/laptops
2025-12-22 22:00:47 [info]: GET /v1/laptops
2025-12-22 22:00:47 [info]: GET /v1/laptops
2025-12-22 22:01:06 [info]: GET /v1/laptops
2025-12-22 22:01:06 [info]: GET /v1/laptops
2025-12-22 22:01:07 [info]: GET /v1/laptops
2025-12-22 22:01:07 [info]: GET /v1/laptops
2025-12-22 22:01:08 [info]: GET /v1/laptops
2025-12-22 22:01:08 [info]: GET /v1/laptops
2025-12-22 22:01:13 [info]: GET /v1/laptops
2025-12-22 22:01:13 [info]: GET /v1/laptops
2025-12-22 22:01:16 [info]: GET /v1/laptops
2025-12-22 22:01:16 [info]: GET /v1/laptops
2025-12-22 22:01:25 [info]: GET /v1/auth/refresh
2025-12-22 22:01:25 [info]: GET /v1/laptops
2025-12-22 22:01:26 [info]: GET /v1/cart
2025-12-22 22:01:26 [info]: GET /v1/auth/refresh
2025-12-22 22:01:26 [info]: GET /v1/laptops
2025-12-22 22:01:26 [info]: GET /v1/cart
2025-12-22 22:01:27 [info]: GET /v1/laptops
2025-12-22 22:01:28 [info]: GET /v1/laptops
2025-12-22 22:01:32 [info]: GET /v1/laptops
2025-12-22 22:01:32 [info]: GET /v1/laptops
2025-12-22 22:01:35 [info]: GET /v1/laptops
2025-12-22 22:01:35 [info]: GET /v1/laptops
2025-12-22 22:01:36 [info]: GET /v1/laptops
2025-12-22 22:01:36 [info]: GET /v1/laptops
2025-12-22 22:02:01 [info]: GET /v1/laptops
2025-12-22 22:02:01 [info]: GET /v1/laptops
2025-12-22 22:02:09 [info]: GET /v1/laptops
2025-12-22 22:02:09 [info]: GET /v1/laptops
2025-12-22 22:02:14 [info]: GET /v1/laptops
2025-12-22 22:02:14 [info]: GET /v1/laptops
2025-12-22 22:02:23 [info]: GET /v1/laptops
2025-12-22 22:02:23 [info]: GET /v1/laptops
2025-12-22 22:03:55 [info]: GET /v1/laptops
2025-12-22 22:03:55 [info]: GET /v1/laptops
2025-12-22 22:03:57 [info]: GET /v1/laptops
2025-12-22 22:03:57 [info]: GET /v1/laptops
2025-12-22 22:04:03 [info]: GET /v1/laptops
2025-12-22 22:04:03 [info]: GET /v1/laptops
2025-12-22 22:04:30 [info]: GET /v1/laptops
2025-12-22 22:04:30 [info]: GET /v1/laptops
2025-12-22 22:04:47 [info]: GET /v1/laptops
2025-12-22 22:04:47 [info]: GET /v1/laptops
2025-12-22 22:05:08 [info]: GET /v1/laptops
2025-12-22 22:05:08 [info]: GET /v1/laptops
2025-12-22 22:05:10 [info]: GET /v1/laptops
2025-12-22 22:05:10 [info]: GET /v1/laptops
2025-12-22 22:05:15 [info]: GET /v1/laptops
2025-12-22 22:05:15 [info]: GET /v1/laptops
2025-12-22 22:05:29 [info]: GET /v1/laptops
2025-12-22 22:05:29 [info]: GET /v1/laptops
2025-12-22 22:06:18 [info]: GET /v1/laptops
2025-12-22 22:06:18 [info]: GET /v1/laptops
2025-12-22 22:06:20 [info]: GET /v1/laptops
2025-12-22 22:06:20 [info]: GET /v1/laptops
2025-12-22 22:06:33 [info]: GET /v1/laptops
2025-12-22 22:06:33 [info]: GET /v1/laptops
2025-12-22 22:06:35 [info]: GET /v1/laptops
2025-12-22 22:06:35 [info]: GET /v1/laptops
2025-12-22 22:06:54 [info]: GET /v1/laptops
2025-12-22 22:06:54 [info]: GET /v1/laptops
2025-12-22 22:06:58 [info]: GET /v1/laptops
2025-12-22 22:06:58 [info]: GET /v1/laptops
2025-12-22 22:07:07 [info]: GET /v1/laptops
2025-12-22 22:07:07 [info]: GET /v1/laptops
2025-12-22 22:08:22 [info]: GET /v1/laptops
2025-12-22 22:08:25 [info]: GET /v1/laptops
2025-12-22 22:08:37 [info]: GET /v1/laptops
2025-12-22 22:08:37 [info]: GET /v1/laptops
2025-12-22 22:08:40 [info]: GET /v1/laptops
2025-12-22 22:08:40 [info]: GET /v1/laptops
2025-12-22 22:08:41 [info]: GET /v1/laptops
2025-12-22 22:08:41 [info]: GET /v1/laptops
2025-12-22 22:08:43 [info]: GET /v1/laptops
2025-12-22 22:08:43 [info]: GET /v1/laptops
2025-12-22 22:08:52 [info]: GET /v1/laptops
2025-12-22 22:08:54 [info]: GET /v1/laptops
2025-12-22 22:09:14 [info]: GET /v1/laptops
2025-12-22 22:09:14 [info]: GET /v1/laptops
2025-12-22 22:09:15 [info]: GET /v1/laptops
2025-12-22 22:09:15 [info]: GET /v1/laptops
2025-12-22 22:10:36 [info]: GET /v1/laptops
2025-12-22 22:10:36 [info]: GET /v1/laptops
2025-12-22 22:10:57 [info]: GET /v1/laptops
2025-12-22 22:10:57 [info]: GET /v1/laptops
2025-12-22 22:12:17 [info]: GET /v1/laptops
2025-12-22 22:12:24 [info]: GET /v1/laptops
2025-12-22 22:12:28 [info]: GET /v1/laptops
2025-12-22 22:12:33 [info]: GET /v1/laptops
2025-12-22 22:12:37 [info]: GET /v1/laptops
2025-12-22 22:12:39 [info]: GET /v1/laptops
2025-12-22 22:12:55 [info]: GET /v1/laptops
2025-12-22 22:13:19 [info]: GET /v1/laptops
2025-12-22 22:13:42 [info]: GET /v1/laptops
2025-12-22 22:14:01 [info]: GET /v1/laptops
2025-12-22 22:14:02 [info]: GET /v1/laptops
2025-12-22 22:14:12 [info]: GET /v1/laptops
2025-12-22 22:14:58 [info]: GET /v1/laptops
2025-12-22 22:15:23 [info]: GET /v1/laptops
2025-12-22 22:15:26 [info]: GET /v1/laptops
2025-12-22 22:16:03 [info]: GET /v1/laptops
2025-12-22 22:16:05 [info]: GET /v1/laptops
2025-12-22 22:16:11 [info]: GET /v1/laptops
2025-12-22 22:16:13 [info]: GET /v1/laptops
2025-12-22 22:16:17 [info]: POST /v1/cart/add
2025-12-22 22:16:17 [info]: GET /v1/cart
2025-12-22 22:16:18 [info]: GET /v1/laptops
2025-12-22 22:16:38 [info]: GET /v1/laptops
2025-12-22 22:16:40 [info]: GET /v1/laptops
2025-12-22 22:16:48 [info]: GET /v1/laptops
2025-12-22 22:17:01 [info]: GET /v1/laptops
2025-12-22 22:17:08 [info]: GET /v1/laptops
2025-12-22 22:17:15 [info]: GET /v1/laptops
2025-12-22 22:17:21 [info]: GET /v1/laptops
2025-12-22 22:17:25 [info]: GET /v1/laptops
2025-12-22 22:17:29 [info]: GET /v1/laptops
2025-12-22 22:17:36 [info]: GET /v1/laptops
2025-12-22 22:17:44 [info]: GET /v1/laptops
2025-12-22 22:17:53 [info]: GET /v1/laptops
2025-12-22 22:17:57 [info]: GET /v1/laptops
2025-12-22 22:18:09 [info]: GET /v1/laptops
2025-12-22 22:18:11 [info]: GET /v1/laptops
2025-12-22 22:19:00 [info]: GET /v1/laptops
2025-12-22 22:19:08 [info]: GET /v1/laptops
2025-12-22 22:22:36 [info]: GET /v1/orders
2025-12-22 22:22:37 [info]: GET /v1/cart
2025-12-22 22:22:40 [info]: GET /v1/orders
2025-12-22 22:22:44 [info]: GET /v1/laptops
2025-12-22 22:22:47 [info]: GET /v1/orders
2025-12-22 22:22:49 [info]: GET /v1/cart
2025-12-22 22:24:45 [info]: GET /v1/auth/refresh
2025-12-22 22:24:46 [info]: GET /v1/cart
2025-12-22 22:24:46 [info]: GET /v1/cart
2025-12-22 22:24:55 [info]: GET /v1/cart
2025-12-22 22:25:00 [info]: GET /v1/laptops
2025-12-22 22:36:40 [info]: GET /v1/auth/refresh
2025-12-22 22:36:41 [info]: GET /v1/cart
2025-12-22 22:36:54 [info]: GET /v1/auth/refresh
2025-12-22 22:36:54 [info]: GET /v1/cart
2025-12-22 22:46:12 [info]: GET /v1/laptops
2025-12-22 22:46:13 [info]: GET /v1/laptops
2025-12-22 22:46:48 [info]: GET /v1/laptops
2025-12-22 22:46:50 [info]: GET /v1/laptops
2025-12-22 22:46:52 [info]: GET /v1/laptops
2025-12-22 22:46:56 [info]: GET /v1/laptops
2025-12-22 22:47:00 [info]: GET /v1/laptops
2025-12-22 22:47:39 [info]: GET /v1/laptops
2025-12-22 22:47:45 [info]: GET /v1/laptops
2025-12-22 22:47:49 [info]: GET /v1/laptops
2025-12-22 22:47:50 [info]: GET /v1/laptops
2025-12-22 22:48:05 [info]: GET /v1/laptops
2025-12-22 22:48:08 [info]: GET /v1/laptops
2025-12-22 22:48:13 [info]: GET /v1/laptops
2025-12-22 22:48:17 [info]: GET /v1/laptops
2025-12-22 22:48:29 [info]: GET /v1/orders
2025-12-22 22:48:31 [info]: GET /v1/cart
2025-12-22 22:48:35 [info]: GET /v1/laptops
2025-12-22 22:48:54 [info]: GET /v1/auth/refresh
2025-12-22 22:48:54 [info]: GET /v1/laptops
2025-12-22 22:48:55 [info]: GET /v1/cart
2025-12-22 22:49:23 [info]: SIGTERM received, starting graceful shutdown...
2025-12-22 22:49:23 [info]: HTTP server closed
2025-12-22 22:49:24 [info]: Shutdown complete, exiting process
2025-12-24 10:36:10 [info]: Redis disabled, using in-memory rate limiting
2025-12-24 10:36:10 [info]: Configuring route: /v1/auth -> http://localhost:5000 (Auth: false)
2025-12-24 10:36:10 [info]: Configuring route: /v1/user -> http://localhost:5000 (Auth: true)
2025-12-24 10:36:10 [info]: Configuring route: /v1/laptops -> http://localhost:3004 (Auth: false)
2025-12-24 10:36:10 [info]: Configuring route: /v1/cart -> http://localhost:3001 (Auth: true)
2025-12-24 10:36:10 [info]: Configuring route: /v1/orders -> http://localhost:3002 (Auth: true)
2025-12-24 10:36:10 [info]: 🚀 API Gateway started successfully
2025-12-24 10:36:10 [info]: 📍 Environment: development
2025-12-24 10:36:10 [info]: 🌐 Port: 3000
2025-12-24 10:36:10 [info]: 🔒 CORS Origin: http://localhost:4200
2025-12-24 10:36:10 [info]: 📊 Redis: Disabled
2025-12-24 10:36:10 [info]: 🛡️  Rate Limiting: Enabled
2025-12-24 10:36:10 [info]: ✅ Ready to handle requests
2025-12-24 10:45:36 [info]: GET /v1/auth/refresh
2025-12-24 10:45:36 [info]: GET /v1/laptops
2025-12-24 10:45:37 [info]: GET /v1/cart
2025-12-24 10:45:49 [info]: GET /v1/cart
2025-12-24 10:45:49 [info]: GET /v1/orders
2025-12-24 10:45:51 [info]: GET /v1/cart
2025-12-24 10:51:26 [info]: GET /v1/auth/refresh
2025-12-24 10:51:26 [info]: GET /v1/cart
2025-12-24 10:51:26 [info]: GET /v1/cart
2025-12-24 10:51:28 [info]: GET /v1/cart
2025-12-24 10:51:29 [info]: GET /v1/cart
2025-12-24 10:51:32 [info]: GET /v1/cart
2025-12-24 10:51:40 [info]: GET /v1/cart
2025-12-24 10:51:47 [info]: DELETE /v1/cart/item/69495757c492139fa65e4d50
2025-12-24 10:52:36 [info]: POST /v1/cart/add
2025-12-24 10:52:37 [info]: POST /v1/cart/remove
2025-12-24 10:53:12 [info]: GET /v1/cart
2025-12-24 10:53:28 [info]: GET /v1/cart
2025-12-24 10:54:28 [info]: GET /v1/auth/refresh
2025-12-24 10:54:28 [info]: GET /v1/cart
2025-12-24 10:54:28 [info]: GET /v1/cart
2025-12-24 10:55:03 [info]: GET /v1/cart
2025-12-24 10:55:06 [info]: GET /v1/cart
2025-12-24 10:55:25 [info]: GET /v1/cart
2025-12-24 10:55:26 [info]: GET /v1/cart
2025-12-24 10:55:29 [info]: GET /v1/cart
2025-12-24 10:55:31 [info]: GET /v1/cart
2025-12-24 10:55:36 [info]: GET /v1/cart
2025-12-24 10:55:47 [info]: GET /v1/cart
2025-12-24 10:55:54 [info]: GET /v1/cart
2025-12-24 10:56:08 [info]: GET /v1/cart
2025-12-24 10:56:13 [info]: GET /v1/cart
2025-12-24 10:56:21 [info]: GET /v1/cart
2025-12-24 10:56:31 [info]: GET /v1/cart
2025-12-24 10:56:34 [info]: GET /v1/cart
2025-12-24 10:56:35 [info]: GET /v1/cart
2025-12-24 10:57:02 [info]: GET /v1/cart
2025-12-24 10:57:04 [info]: GET /v1/cart
2025-12-24 10:57:28 [info]: GET /v1/cart
2025-12-24 10:57:42 [info]: GET /v1/cart
2025-12-24 10:57:47 [info]: GET /v1/cart
2025-12-24 10:57:50 [info]: GET /v1/cart
2025-12-24 10:57:52 [info]: GET /v1/cart
2025-12-24 10:58:11 [info]: GET /v1/cart
2025-12-24 10:58:24 [info]: GET /v1/cart
2025-12-24 10:58:25 [info]: GET /v1/cart
2025-12-24 10:58:32 [info]: GET /v1/cart
2025-12-24 10:58:34 [info]: GET /v1/cart
2025-12-24 10:58:46 [info]: GET /v1/cart
2025-12-24 10:58:51 [info]: GET /v1/cart
2025-12-24 10:58:55 [info]: GET /v1/cart
2025-12-24 10:58:56 [info]: GET /v1/cart
2025-12-24 10:59:03 [info]: GET /v1/cart
2025-12-24 10:59:05 [info]: GET /v1/cart
2025-12-24 10:59:07 [info]: GET /v1/cart
2025-12-24 10:59:11 [info]: GET /v1/cart
2025-12-24 10:59:23 [info]: GET /v1/laptops
2025-12-24 10:59:46 [info]: POST /v1/cart/add
2025-12-24 10:59:47 [info]: POST /v1/cart/add
2025-12-24 10:59:49 [info]: GET /v1/cart
2025-12-24 11:00:27 [info]: GET /v1/cart
2025-12-24 11:00:37 [info]: GET /v1/cart
2025-12-24 11:00:49 [info]: GET /v1/cart
2025-12-24 11:01:07 [info]: GET /v1/cart
2025-12-24 11:01:08 [info]: GET /v1/cart
2025-12-24 11:01:13 [info]: GET /v1/cart
2025-12-24 11:01:21 [info]: GET /v1/cart
2025-12-24 11:01:22 [info]: GET /v1/cart
2025-12-24 11:01:32 [info]: GET /v1/laptops
2025-12-24 11:01:35 [info]: GET /v1/cart
2025-12-24 11:03:16 [info]: GET /v1/auth/refresh
2025-12-24 11:03:16 [info]: GET /v1/cart
2025-12-24 11:03:16 [info]: GET /v1/cart
2025-12-24 11:03:24 [info]: GET /v1/cart
2025-12-24 11:03:35 [info]: GET /v1/cart
2025-12-24 11:03:49 [info]: GET /v1/laptops
2025-12-24 11:03:54 [info]: GET /v1/cart
2025-12-24 11:03:56 [info]: POST /v1/cart/remove
2025-12-24 11:03:58 [info]: POST /v1/cart/remove
2025-12-24 11:03:58 [info]: POST /v1/cart/remove
2025-12-24 11:03:59 [info]: POST /v1/cart/remove
2025-12-24 11:03:59 [info]: POST /v1/cart/remove
2025-12-24 11:04:02 [info]: POST /v1/cart/remove
2025-12-24 11:04:03 [info]: POST /v1/cart/add
2025-12-24 11:04:04 [info]: POST /v1/cart/remove
2025-12-24 11:05:11 [info]: GET /v1/auth/refresh
2025-12-24 11:05:11 [info]: GET /v1/cart
2025-12-24 11:05:11 [info]: GET /v1/cart
2025-12-24 11:05:20 [info]: GET /v1/cart
2025-12-24 11:05:41 [info]: GET /v1/cart
2025-12-24 11:05:57 [info]: GET /v1/cart
2025-12-24 11:05:58 [info]: GET /v1/cart
2025-12-24 11:06:04 [info]: GET /v1/cart
2025-12-24 11:06:07 [info]: GET /v1/cart
2025-12-24 11:06:10 [info]: GET /v1/cart
2025-12-24 11:06:11 [info]: DELETE /v1/cart/item/694b653203992f9585bdca25
2025-12-24 11:07:15 [info]: GET /v1/cart
2025-12-24 11:07:24 [info]: GET /v1/cart
2025-12-24 11:07:26 [info]: GET /v1/cart
2025-12-24 11:11:04 [info]: GET /v1/cart
2025-12-24 11:14:37 [info]: GET /v1/cart
2025-12-24 11:14:48 [info]: GET /v1/auth/refresh
2025-12-24 11:14:48 [info]: GET /v1/cart
2025-12-24 11:14:48 [info]: GET /v1/cart
2025-12-24 11:15:27 [info]: GET /v1/cart
2025-12-24 11:17:44 [info]: GET /v1/cart
2025-12-24 11:17:53 [info]: GET /v1/cart
2025-12-24 11:18:12 [info]: GET /v1/cart
2025-12-24 11:18:13 [info]: GET /v1/cart
2025-12-24 11:18:27 [info]: GET /v1/cart
2025-12-24 11:18:37 [info]: GET /v1/cart
2025-12-24 11:18:39 [info]: GET /v1/cart
2025-12-24 11:18:40 [info]: GET /v1/cart
2025-12-24 11:18:47 [info]: GET /v1/cart
2025-12-24 11:18:53 [info]: GET /v1/cart
2025-12-24 11:20:17 [info]: GET /v1/cart
2025-12-24 11:20:46 [info]: GET /v1/cart
2025-12-24 11:21:18 [info]: GET /v1/cart
2025-12-24 11:21:28 [info]: GET /v1/cart
2025-12-24 11:22:00 [info]: GET /v1/cart
2025-12-24 11:22:16 [info]: GET /v1/cart
2025-12-24 11:22:21 [info]: GET /v1/cart
2025-12-24 11:22:24 [info]: GET /v1/cart
2025-12-24 11:22:33 [info]: GET /v1/cart
2025-12-24 11:22:46 [info]: GET /v1/cart
2025-12-24 11:23:00 [info]: GET /v1/cart
2025-12-24 11:23:02 [info]: GET /v1/cart
2025-12-24 11:23:07 [info]: GET /v1/cart
2025-12-24 11:23:24 [info]: GET /v1/cart
2025-12-24 11:23:30 [info]: GET /v1/cart
2025-12-24 11:23:36 [info]: GET /v1/cart
2025-12-24 11:23:41 [info]: GET /v1/cart
2025-12-24 11:23:46 [info]: GET /v1/cart
2025-12-24 11:23:55 [info]: GET /v1/cart
2025-12-24 11:24:06 [info]: GET /v1/cart
2025-12-24 11:24:10 [info]: GET /v1/cart
2025-12-24 11:24:11 [info]: GET /v1/cart
2025-12-24 11:24:25 [info]: GET /v1/cart
2025-12-24 11:24:32 [info]: GET /v1/cart
2025-12-24 11:25:08 [info]: POST /v1/orders
2025-12-24 11:25:12 [info]: GET /v1/orders
2025-12-24 11:25:24 [info]: GET /v1/laptops
2025-12-24 11:25:36 [info]: GET /v1/laptops
2025-12-24 11:25:37 [info]: GET /v1/cart
2025-12-24 11:25:39 [info]: GET /v1/laptops
2025-12-24 11:28:36 [info]: GET /v1/auth/refresh
2025-12-24 11:28:36 [info]: GET /v1/laptops
2025-12-24 11:28:37 [info]: GET /v1/cart
2025-12-24 11:29:12 [info]: GET /v1/auth/refresh
2025-12-24 11:29:12 [info]: GET /v1/laptops
2025-12-24 11:29:12 [info]: GET /v1/cart
2025-12-24 11:29:16 [info]: GET /v1/auth/refresh
2025-12-24 11:29:16 [info]: GET /v1/laptops
2025-12-24 11:29:16 [info]: GET /v1/cart
2025-12-24 11:29:17 [info]: GET /v1/auth/refresh
2025-12-24 11:29:17 [info]: GET /v1/laptops
2025-12-24 11:29:17 [info]: GET /v1/cart
2025-12-24 11:31:50 [info]: GET /v1/auth/refresh
2025-12-24 11:31:50 [info]: GET /v1/laptops
2025-12-24 11:31:50 [info]: GET /v1/cart
2025-12-24 11:31:50 [info]: GET /v1/auth/refresh
2025-12-24 11:31:50 [info]: GET /v1/laptops
2025-12-24 11:31:50 [info]: GET /v1/cart
2025-12-24 11:32:20 [info]: GET /v1/auth/refresh
2025-12-24 11:32:20 [info]: GET /v1/laptops
2025-12-24 11:32:20 [info]: GET /v1/cart
2025-12-24 11:32:21 [info]: GET /v1/auth/refresh
2025-12-24 11:32:21 [info]: GET /v1/laptops
2025-12-24 11:32:21 [info]: GET /v1/cart
2025-12-24 11:32:43 [info]: GET /v1/laptops
2025-12-24 11:32:43 [info]: GET /v1/laptops
2025-12-24 11:32:59 [info]: GET /v1/laptops
2025-12-24 11:32:59 [info]: GET /v1/laptops
2025-12-24 11:33:30 [info]: GET /v1/laptops
2025-12-24 11:33:30 [info]: GET /v1/laptops
2025-12-24 11:41:21 [info]: Redis disabled, using in-memory rate limiting
2025-12-24 11:41:21 [info]: Configuring route: /v1/auth -> http://localhost:5000 (Auth: false)
2025-12-24 11:41:21 [info]: Configuring route: /v1/user -> http://localhost:5000 (Auth: true)
2025-12-24 11:41:21 [info]: Configuring route: /v1/laptops -> http://localhost:3004 (Auth: false)
2025-12-24 11:41:21 [info]: Configuring route: /v1/cart -> http://localhost:3001 (Auth: true)
2025-12-24 11:41:21 [info]: Configuring route: /v1/orders -> http://localhost:3002 (Auth: true)
2025-12-24 11:41:21 [info]: 🚀 API Gateway started successfully
2025-12-24 11:41:21 [info]: 📍 Environment: development
2025-12-24 11:41:21 [info]: 🌐 Port: 3000
2025-12-24 11:41:21 [info]: 🔒 CORS Origin: http://localhost:4200
2025-12-24 11:41:21 [info]: 📊 Redis: Disabled
2025-12-24 11:41:21 [info]: 🛡️  Rate Limiting: Enabled
2025-12-24 11:41:21 [info]: ✅ Ready to handle requests
2025-12-24 11:41:47 [info]: GET /v1/laptops
2025-12-24 11:41:47 [info]: GET /v1/laptops
2025-12-24 11:41:49 [info]: GET /v1/laptops
2025-12-24 11:41:50 [info]: GET /v1/laptops
2025-12-24 11:42:01 [info]: GET /v1/laptops
2025-12-24 11:42:02 [info]: GET /v1/laptops
2025-12-24 11:42:22 [info]: GET /v1/auth/refresh
2025-12-24 11:42:22 [info]: GET /v1/laptops
2025-12-24 11:42:23 [info]: GET /v1/cart
2025-12-24 11:42:56 [info]: Redis disabled, using in-memory rate limiting
2025-12-24 11:42:56 [info]: Configuring route: /v1/auth -> http://localhost:5000 (Auth: false)
2025-12-24 11:42:56 [info]: Configuring route: /v1/user -> http://localhost:5000 (Auth: true)
2025-12-24 11:42:56 [info]: Configuring route: /v1/laptops -> http://localhost:3004 (Auth: false)
2025-12-24 11:42:56 [info]: Configuring route: /v1/cart -> http://localhost:3001 (Auth: true)
2025-12-24 11:42:56 [info]: Configuring route: /v1/orders -> http://localhost:3002 (Auth: true)
2025-12-24 11:42:56 [info]: 🚀 API Gateway started successfully
2025-12-24 11:42:56 [info]: 📍 Environment: development
2025-12-24 11:42:56 [info]: 🌐 Port: 3000
2025-12-24 11:42:56 [info]: 🔒 CORS Origin: http://localhost:4200
2025-12-24 11:42:56 [info]: 📊 Redis: Disabled
2025-12-24 11:42:56 [info]: 🛡️  Rate Limiting: Enabled
2025-12-24 11:42:56 [info]: ✅ Ready to handle requests
2025-12-24 11:43:33 [info]: GET /v1/auth/refresh
2025-12-24 11:43:33 [info]: GET /v1/laptops
2025-12-24 11:43:33 [info]: GET /v1/cart
2025-12-24 11:45:11 [info]: GET /v1/auth/refresh
2025-12-24 11:45:11 [info]: GET /v1/laptops
2025-12-24 11:45:11 [info]: GET /v1/cart
2025-12-24 11:45:20 [info]: GET /v1/auth/refresh
2025-12-24 11:45:20 [info]: GET /v1/laptops
2025-12-24 11:45:20 [info]: GET /v1/cart
2025-12-24 11:45:31 [info]: GET /v1/auth/refresh
2025-12-24 11:45:31 [info]: GET /v1/laptops
2025-12-24 11:45:31 [info]: GET /v1/cart
2025-12-24 11:45:35 [info]: GET /v1/auth/refresh
2025-12-24 11:45:35 [info]: GET /v1/laptops
2025-12-24 11:45:35 [info]: GET /v1/categories/brands
2025-12-24 11:45:35 [warn]: 404 Not Found: GET /v1/categories/brands
2025-12-24 11:45:35 [info]: GET /v1/categories/categories
2025-12-24 11:45:35 [warn]: 404 Not Found: GET /v1/categories/categories
2025-12-24 11:45:35 [info]: GET /v1/cart
2025-12-24 11:45:42 [info]: GET /v1/auth/refresh
2025-12-24 11:45:42 [info]: GET /v1/laptops
2025-12-24 11:45:42 [info]: GET /v1/cart
2025-12-24 11:45:52 [info]: GET /v1/auth/refresh
2025-12-24 11:45:52 [info]: GET /v1/laptops
2025-12-24 11:45:52 [info]: GET /v1/categories/brands
2025-12-24 11:45:52 [warn]: 404 Not Found: GET /v1/categories/brands
2025-12-24 11:45:52 [info]: GET /v1/categories/categories
2025-12-24 11:45:52 [warn]: 404 Not Found: GET /v1/categories/categories
2025-12-24 11:45:52 [info]: GET /v1/cart
2025-12-24 11:46:10 [info]: GET /v1/auth/refresh
2025-12-24 11:46:10 [info]: GET /v1/laptops
2025-12-24 11:46:10 [info]: GET /v1/cart
2025-12-24 11:46:10 [info]: GET /v1/auth/refresh
2025-12-24 11:46:10 [info]: GET /v1/laptops
2025-12-24 11:46:10 [info]: GET /v1/categories/brands
2025-12-24 11:46:10 [warn]: 404 Not Found: GET /v1/categories/brands
2025-12-24 11:46:10 [info]: GET /v1/categories/categories
2025-12-24 11:46:10 [warn]: 404 Not Found: GET /v1/categories/categories
2025-12-24 11:46:10 [info]: GET /v1/cart
2025-12-24 11:46:25 [info]: GET /v1/auth/refresh
2025-12-24 11:46:25 [info]: GET /v1/laptops
2025-12-24 11:46:25 [info]: GET /v1/categories/brands
2025-12-24 11:46:25 [warn]: 404 Not Found: GET /v1/categories/brands
2025-12-24 11:46:25 [info]: GET /v1/categories/categories
2025-12-24 11:46:25 [warn]: 404 Not Found: GET /v1/categories/categories
2025-12-24 11:46:25 [info]: GET /v1/cart
2025-12-24 11:46:31 [info]: GET /v1/auth/refresh
2025-12-24 11:46:31 [info]: GET /v1/laptops
2025-12-24 11:46:31 [info]: GET /v1/categories/brands
2025-12-24 11:46:31 [warn]: 404 Not Found: GET /v1/categories/brands
2025-12-24 11:46:31 [info]: GET /v1/categories/categories
2025-12-24 11:46:31 [warn]: 404 Not Found: GET /v1/categories/categories
2025-12-24 11:46:31 [info]: GET /v1/cart
2025-12-24 11:46:46 [info]: GET /v1/auth/refresh
2025-12-24 11:46:46 [info]: GET /v1/laptops
2025-12-24 11:46:46 [info]: GET /v1/categories/brands
2025-12-24 11:46:46 [warn]: 404 Not Found: GET /v1/categories/brands
2025-12-24 11:46:46 [info]: GET /v1/categories/categories
2025-12-24 11:46:46 [warn]: 404 Not Found: GET /v1/categories/categories
2025-12-24 11:46:46 [info]: GET /v1/cart
2025-12-24 11:47:51 [info]: Redis disabled, using in-memory rate limiting
2025-12-24 11:47:51 [info]: Configuring route: /v1/auth -> http://localhost:5000 (Auth: false)
2025-12-24 11:47:51 [info]: Configuring route: /v1/user -> http://localhost:5000 (Auth: true)
2025-12-24 11:47:51 [info]: Configuring route: /v1/laptops -> http://localhost:3004 (Auth: false)
2025-12-24 11:47:51 [info]: Configuring route: /v1/categories -> http://localhost:3004 (Auth: false)
2025-12-24 11:47:51 [info]: Configuring route: /v1/cart -> http://localhost:3001 (Auth: true)
2025-12-24 11:47:51 [info]: Configuring route: /v1/orders -> http://localhost:3002 (Auth: true)
2025-12-24 11:47:51 [info]: 🚀 API Gateway started successfully
2025-12-24 11:47:51 [info]: 📍 Environment: development
2025-12-24 11:47:51 [info]: 🌐 Port: 3000
2025-12-24 11:47:51 [info]: 🔒 CORS Origin: http://localhost:4200
2025-12-24 11:47:51 [info]: 📊 Redis: Disabled
2025-12-24 11:47:51 [info]: 🛡️  Rate Limiting: Enabled
2025-12-24 11:47:51 [info]: ✅ Ready to handle requests
2025-12-24 11:47:52 [info]: GET /v1/auth/refresh
2025-12-24 11:47:52 [info]: GET /v1/laptops
2025-12-24 11:47:52 [info]: GET /v1/categories/brands
2025-12-24 11:47:52 [warn]: 404 Not Found: GET /v1/categories/brands
2025-12-24 11:47:52 [info]: GET /v1/categories/categories
2025-12-24 11:47:52 [warn]: 404 Not Found: GET /v1/categories/categories
2025-12-24 11:47:52 [info]: GET /v1/cart
2025-12-24 11:48:02 [info]: GET /v1/auth/refresh
2025-12-24 11:48:02 [info]: GET /v1/laptops
2025-12-24 11:48:02 [info]: GET /v1/categories/brands
2025-12-24 11:48:02 [warn]: 404 Not Found: GET /v1/categories/brands
2025-12-24 11:48:02 [info]: GET /v1/categories/categories
2025-12-24 11:48:02 [warn]: 404 Not Found: GET /v1/categories/categories
2025-12-24 11:48:02 [info]: GET /v1/cart
2025-12-24 11:48:09 [info]: GET /v1/auth/refresh
2025-12-24 11:48:09 [info]: GET /v1/laptops
2025-12-24 11:48:09 [info]: GET /v1/categories/brands
2025-12-24 11:48:09 [warn]: 404 Not Found: GET /v1/categories/brands
2025-12-24 11:48:09 [info]: GET /v1/categories/categories
2025-12-24 11:48:09 [warn]: 404 Not Found: GET /v1/categories/categories
2025-12-24 11:48:09 [info]: GET /v1/cart
2025-12-24 11:49:01 [info]: GET /v1/auth/refresh
2025-12-24 11:49:01 [info]: GET /v1/laptops
2025-12-24 11:49:01 [info]: GET /v1/categories/brands
2025-12-24 11:49:01 [warn]: 404 Not Found: GET /v1/categories/brands
2025-12-24 11:49:01 [info]: GET /v1/categories/categories
2025-12-24 11:49:01 [warn]: 404 Not Found: GET /v1/categories/categories
2025-12-24 11:49:01 [info]: GET /v1/cart
2025-12-24 11:50:09 [info]: GET /v1/categories/brands
2025-12-24 11:50:09 [warn]: 404 Not Found: GET /v1/categories/brands
2025-12-24 11:53:09 [info]: SIGTERM received, starting graceful shutdown...
2025-12-24 11:53:09 [info]: HTTP server closed
2025-12-24 11:53:10 [info]: Shutdown complete, exiting process
2025-12-24 11:54:25 [info]: Redis disabled, using in-memory rate limiting
2025-12-24 11:54:25 [info]: Configuring route: /v1/auth -> http://localhost:5000 (Auth: false)
2025-12-24 11:54:25 [info]: Configuring route: /v1/user -> http://localhost:5000 (Auth: true)
2025-12-24 11:54:25 [info]: Configuring route: /v1/laptops -> http://localhost:3004 (Auth: false)
2025-12-24 11:54:25 [info]: Configuring route: /v1/categories -> http://localhost:3004 (Auth: false)
2025-12-24 11:54:25 [info]: Configuring route: /v1/cart -> http://localhost:3001 (Auth: true)
2025-12-24 11:54:25 [info]: Configuring route: /v1/orders -> http://localhost:3002 (Auth: true)
2025-12-24 11:54:25 [info]: 🚀 API Gateway started successfully
2025-12-24 11:54:25 [info]: 📍 Environment: development
2025-12-24 11:54:25 [info]: 🌐 Port: 3000
2025-12-24 11:54:25 [info]: 🔒 CORS Origin: http://localhost:4200
2025-12-24 11:54:25 [info]: 📊 Redis: Disabled
2025-12-24 11:54:25 [info]: 🛡️  Rate Limiting: Enabled
2025-12-24 11:54:25 [info]: ✅ Ready to handle requests
2025-12-24 11:54:27 [info]: GET /v1/laptops
2025-12-24 11:54:27 [info]: GET /v1/categories/brands
2025-12-24 11:54:27 [info]: GET /v1/categories/categories
2025-12-24 11:55:45 [info]: GET /v1/laptops
2025-12-24 11:55:45 [info]: GET /v1/categories/brands
2025-12-24 11:55:45 [info]: GET /v1/categories/laptop-categories
2025-12-24 11:55:50 [info]: GET /v1/laptops
2025-12-24 11:55:50 [info]: GET /v1/categories/brands
2025-12-24 11:55:50 [info]: GET /v1/categories/laptop-categories
2025-12-24 11:57:03 [info]: GET /v1/laptops
2025-12-24 11:57:03 [info]: GET /v1/categories/brands
2025-12-24 11:57:03 [info]: GET /v1/categories/laptop-categories
2025-12-24 11:57:29 [info]: POST /v1/auth/login
2025-12-24 11:57:29 [info]: GET /v1/cart
2025-12-24 11:57:37 [info]: GET /v1/auth/refresh
2025-12-24 11:57:37 [info]: GET /v1/laptops
2025-12-24 11:57:37 [info]: GET /v1/categories/brands
2025-12-24 11:57:37 [info]: GET /v1/categories/laptop-categories
2025-12-24 11:57:38 [info]: GET /v1/cart
2025-12-24 11:58:19 [info]: PUT /v1/laptops/694b6e9db3b980b9a35c9d82
2025-12-24 11:58:19 [info]: GET /v1/laptops
2025-12-24 11:58:59 [info]: PUT /v1/laptops/694b6e9db3b980b9a35c9d84
2025-12-24 11:58:59 [info]: GET /v1/laptops
2025-12-24 11:59:15 [info]: GET /v1/auth/refresh
2025-12-24 11:59:15 [info]: GET /v1/laptops
2025-12-24 11:59:15 [info]: GET /v1/categories/brands
2025-12-24 11:59:15 [info]: GET /v1/categories/laptop-categories
2025-12-24 11:59:15 [info]: GET /v1/cart
2025-12-24 11:59:28 [info]: PUT /v1/laptops/694b6e9db3b980b9a35c9d84
2025-12-24 11:59:28 [info]: GET /v1/laptops
2025-12-24 12:01:02 [info]: GET /v1/auth/refresh
2025-12-24 12:01:02 [info]: GET /v1/laptops
2025-12-24 12:01:02 [info]: GET /v1/categories/brands
2025-12-24 12:01:02 [info]: GET /v1/categories/laptop-categories
2025-12-24 12:01:02 [info]: GET /v1/cart
2025-12-24 12:01:02 [info]: GET /v1/auth/refresh
2025-12-24 12:01:02 [info]: GET /v1/laptops
2025-12-24 12:01:02 [info]: GET /v1/categories/brands
2025-12-24 12:01:02 [info]: GET /v1/categories/laptop-categories
2025-12-24 12:01:02 [info]: GET /v1/cart
2025-12-24 12:01:10 [info]: GET /v1/laptops
2025-12-24 12:01:10 [info]: GET /v1/categories/brands
2025-12-24 12:01:10 [info]: GET /v1/categories/laptop-categories
2025-12-24 12:01:10 [info]: GET /v1/categories/brands
2025-12-24 12:01:10 [info]: GET /v1/categories/laptop-categories
2025-12-24 12:01:10 [info]: GET /v1/laptops
2025-12-24 12:01:44 [info]: PUT /v1/laptops/694b6e9db3b980b9a35c9d85
2025-12-24 12:01:44 [info]: GET /v1/laptops
2025-12-24 12:02:04 [info]: PUT /v1/laptops/694b6e9db3b980b9a35c9d86
2025-12-24 12:02:04 [info]: GET /v1/laptops
2025-12-24 12:03:07 [info]: GET /v1/auth/refresh
2025-12-24 12:03:07 [info]: GET /v1/laptops
2025-12-24 12:03:07 [info]: GET /v1/categories/brands
2025-12-24 12:03:07 [info]: GET /v1/categories/laptop-categories
2025-12-24 12:03:07 [info]: GET /v1/cart
2025-12-24 12:03:08 [info]: GET /v1/auth/refresh
2025-12-24 12:03:08 [info]: GET /v1/laptops
2025-12-24 12:03:08 [info]: GET /v1/categories/brands
2025-12-24 12:03:08 [info]: GET /v1/categories/laptop-categories
2025-12-24 12:03:08 [info]: GET /v1/cart
2025-12-24 12:03:13 [info]: GET /v1/auth/refresh
2025-12-24 12:03:13 [info]: GET /v1/laptops
2025-12-24 12:03:13 [info]: GET /v1/categories/brands
2025-12-24 12:03:13 [info]: GET /v1/categories/laptop-categories
2025-12-24 12:03:13 [info]: GET /v1/cart
2025-12-24 12:03:14 [info]: GET /v1/auth/refresh
2025-12-24 12:03:14 [info]: GET /v1/laptops
2025-12-24 12:03:14 [info]: GET /v1/categories/brands
2025-12-24 12:03:14 [info]: GET /v1/categories/laptop-categories
2025-12-24 12:03:14 [info]: GET /v1/cart
2025-12-24 12:03:21 [info]: GET /v1/laptops
2025-12-24 12:03:21 [info]: GET /v1/categories/brands
2025-12-24 12:03:21 [info]: GET /v1/categories/laptop-categories
2025-12-24 12:03:21 [info]: GET /v1/categories/laptop-categories
2025-12-24 12:03:21 [info]: GET /v1/categories/brands
2025-12-24 12:03:21 [info]: GET /v1/laptops
2025-12-24 12:03:41 [info]: PUT /v1/laptops/694b6e9db3b980b9a35c9d87
2025-12-24 12:03:41 [info]: GET /v1/laptops
2025-12-24 12:03:57 [info]: PUT /v1/laptops/694b6e9db3b980b9a35c9d88
2025-12-24 12:03:57 [info]: GET /v1/laptops
2025-12-24 12:04:15 [info]: PUT /v1/laptops/694b6e9db3b980b9a35c9d89
2025-12-24 12:04:15 [info]: GET /v1/laptops
2025-12-24 12:04:31 [info]: PUT /v1/laptops/694b6e9db3b980b9a35c9d8a
2025-12-24 12:04:31 [info]: GET /v1/laptops
2025-12-24 12:04:48 [info]: PUT /v1/laptops/694b6e9db3b980b9a35c9d8b
2025-12-24 12:04:48 [info]: GET /v1/laptops
2025-12-24 12:05:06 [info]: PUT /v1/laptops/694b6e9db3b980b9a35c9d8c
2025-12-24 12:05:06 [info]: GET /v1/laptops
2025-12-24 12:05:27 [info]: PUT /v1/laptops/694b6e9db3b980b9a35c9d8e
2025-12-24 12:05:27 [info]: GET /v1/laptops
2025-12-24 12:05:30 [info]: GET /v1/auth/refresh
2025-12-24 12:05:30 [info]: GET /v1/laptops
2025-12-24 12:05:30 [info]: GET /v1/categories/brands
2025-12-24 12:05:30 [info]: GET /v1/categories/laptop-categories
2025-12-24 12:05:30 [info]: GET /v1/cart
2025-12-24 12:05:50 [info]: PUT /v1/laptops/694b6e9db3b980b9a35c9d8f
2025-12-24 12:05:50 [info]: GET /v1/laptops
2025-12-24 12:06:05 [info]: PUT /v1/laptops/694b6e9db3b980b9a35c9d90
2025-12-24 12:06:05 [info]: GET /v1/laptops
2025-12-24 12:06:38 [info]: PUT /v1/laptops/694b6e9db3b980b9a35c9d92
2025-12-24 12:06:38 [info]: GET /v1/laptops
2025-12-24 12:06:38 [warn]: Rate limit exceeded for IP: ::1
2025-12-24 12:06:52 [info]: PUT /v1/laptops/694b6e9db3b980b9a35c9d91
2025-12-24 12:06:52 [warn]: Rate limit exceeded for IP: ::1
2025-12-24 12:06:58 [info]: PUT /v1/laptops/694b6e9db3b980b9a35c9d91
2025-12-24 12:06:58 [warn]: Rate limit exceeded for IP: ::1
2025-12-24 12:07:09 [info]: PUT /v1/laptops/694b6e9db3b980b9a35c9d92
2025-12-24 12:07:09 [warn]: Rate limit exceeded for IP: ::1
2025-12-24 12:07:15 [info]: PUT /v1/laptops/694b6e9db3b980b9a35c9d91
2025-12-24 12:07:15 [warn]: Rate limit exceeded for IP: ::1
2025-12-24 12:07:18 [info]: GET /v1/auth/refresh
2025-12-24 12:07:18 [warn]: Rate limit exceeded for IP: ::1
2025-12-24 12:07:18 [info]: GET /v1/laptops
2025-12-24 12:07:18 [warn]: Rate limit exceeded for IP: ::1
2025-12-24 12:07:18 [info]: GET /v1/categories/brands
2025-12-24 12:07:18 [warn]: Rate limit exceeded for IP: ::1
2025-12-24 12:07:18 [info]: GET /v1/categories/laptop-categories
2025-12-24 12:07:18 [warn]: Rate limit exceeded for IP: ::1
2025-12-24 12:07:22 [info]: GET /v1/laptops
2025-12-24 12:07:22 [warn]: Rate limit exceeded for IP: ::1
2025-12-24 12:07:22 [info]: GET /v1/laptops
2025-12-24 12:07:22 [warn]: Rate limit exceeded for IP: ::1
2025-12-24 12:07:49 [info]: Redis disabled, using in-memory rate limiting
2025-12-24 12:07:49 [info]: Configuring route: /v1/auth -> http://localhost:5000 (Auth: false)
2025-12-24 12:07:49 [info]: Configuring route: /v1/user -> http://localhost:5000 (Auth: true)
2025-12-24 12:07:49 [info]: Configuring route: /v1/laptops -> http://localhost:3004 (Auth: false)
2025-12-24 12:07:49 [info]: Configuring route: /v1/categories -> http://localhost:3004 (Auth: false)
2025-12-24 12:07:49 [info]: Configuring route: /v1/cart -> http://localhost:3001 (Auth: true)
2025-12-24 12:07:49 [info]: Configuring route: /v1/orders -> http://localhost:3002 (Auth: true)
2025-12-24 12:07:49 [info]: 🚀 API Gateway started successfully
2025-12-24 12:07:49 [info]: 📍 Environment: development
2025-12-24 12:07:49 [info]: 🌐 Port: 3000
2025-12-24 12:07:49 [info]: 🔒 CORS Origin: http://localhost:4200
2025-12-24 12:07:49 [info]: 📊 Redis: Disabled
2025-12-24 12:07:49 [info]: 🛡️  Rate Limiting: Enabled
2025-12-24 12:07:49 [info]: ✅ Ready to handle requests
2025-12-24 12:07:53 [info]: GET /v1/laptops
2025-12-24 12:07:53 [warn]: Rate limit exceeded for IP: ::1
2025-12-24 12:07:53 [info]: GET /v1/laptops
2025-12-24 12:07:53 [warn]: Rate limit exceeded for IP: ::1
2025-12-24 12:07:54 [info]: GET /v1/laptops
2025-12-24 12:07:54 [warn]: Rate limit exceeded for IP: ::1
2025-12-24 12:07:54 [info]: GET /v1/laptops
2025-12-24 12:07:54 [warn]: Rate limit exceeded for IP: ::1
2025-12-24 12:07:54 [info]: GET /v1/laptops
2025-12-24 12:07:54 [warn]: Rate limit exceeded for IP: ::1
2025-12-24 12:07:54 [info]: GET /v1/laptops
2025-12-24 12:07:54 [warn]: Rate limit exceeded for IP: ::1
2025-12-24 12:07:54 [info]: GET /v1/laptops
2025-12-24 12:07:54 [warn]: Rate limit exceeded for IP: ::1
2025-12-24 12:07:56 [info]: GET /v1/laptops
2025-12-24 12:07:56 [warn]: Rate limit exceeded for IP: ::1
2025-12-24 12:07:56 [info]: GET /v1/laptops
2025-12-24 12:07:56 [warn]: Rate limit exceeded for IP: ::1
2025-12-24 12:07:56 [info]: GET /v1/laptops
2025-12-24 12:07:56 [warn]: Rate limit exceeded for IP: ::1
2025-12-24 12:07:56 [info]: GET /v1/laptops
2025-12-24 12:07:56 [warn]: Rate limit exceeded for IP: ::1
2025-12-24 12:07:57 [info]: GET /v1/laptops
2025-12-24 12:07:57 [warn]: Rate limit exceeded for IP: ::1
2025-12-24 12:08:13 [info]: GET /v1/laptops
2025-12-24 12:08:13 [warn]: Rate limit exceeded for IP: ::1
2025-12-24 12:08:13 [info]: GET /v1/laptops
2025-12-24 12:08:13 [warn]: Rate limit exceeded for IP: ::1
2025-12-24 12:08:14 [info]: GET /v1/laptops
2025-12-24 12:08:14 [warn]: Rate limit exceeded for IP: ::1
2025-12-24 12:09:03 [info]: GET /v1/laptops
2025-12-24 12:09:03 [warn]: Rate limit exceeded for IP: ::1
2025-12-24 12:09:04 [info]: GET /v1/laptops
2025-12-24 12:09:04 [warn]: Rate limit exceeded for IP: ::1
2025-12-24 12:09:17 [info]: GET /v1/laptops
2025-12-24 12:09:17 [warn]: Rate limit exceeded for IP: ::1
2025-12-24 12:09:17 [info]: GET /v1/categories/brands
2025-12-24 12:09:17 [warn]: Rate limit exceeded for IP: ::1
2025-12-24 12:09:17 [info]: GET /v1/categories/laptop-categories
2025-12-24 12:09:17 [warn]: Rate limit exceeded for IP: ::1
2025-12-24 12:09:32 [info]: GET /v1/laptops
2025-12-24 12:09:52 [info]: PUT /v1/laptops/694b6e9db3b980b9a35c9d91
2025-12-24 12:09:52 [info]: GET /v1/laptops
2025-12-24 12:10:26 [info]: PUT /v1/laptops/694b6e9db3b980b9a35c9d92
2025-12-24 12:10:27 [info]: GET /v1/laptops
2025-12-24 12:10:51 [info]: PUT /v1/laptops/694b6e9db3b980b9a35c9d93
2025-12-24 12:10:51 [info]: GET /v1/laptops
2025-12-24 12:11:12 [info]: PUT /v1/laptops/694b6e9db3b980b9a35c9d94
2025-12-24 12:11:13 [info]: GET /v1/laptops
2025-12-24 12:12:54 [info]: GET /v1/laptops
2025-12-24 12:12:54 [info]: GET /v1/categories/brands
2025-12-24 12:12:54 [info]: GET /v1/categories/laptop-categories
2025-12-24 12:13:36 [info]: PUT /v1/laptops/694b6e9db3b980b9a35c9d92
2025-12-24 12:13:36 [info]: GET /v1/laptops
2025-12-24 12:13:44 [info]: GET /v1/laptops
2025-12-24 12:13:44 [info]: GET /v1/categories/brands
2025-12-24 12:13:44 [info]: GET /v1/categories/laptop-categories
2025-12-24 12:17:10 [info]: PUT /v1/laptops/694b6e9db3b980b9a35c9d95
2025-12-24 12:17:10 [info]: GET /v1/laptops
2025-12-24 12:17:18 [info]: PUT /v1/laptops/694b6e9db3b980b9a35c9d96
2025-12-24 12:17:18 [info]: GET /v1/laptops
2025-12-24 12:17:29 [info]: PUT /v1/laptops/694b6e9db3b980b9a35c9d95
2025-12-24 12:17:29 [info]: GET /v1/laptops
2025-12-24 12:18:05 [info]: PUT /v1/laptops/694b6e9db3b980b9a35c9d97
2025-12-24 12:18:05 [info]: GET /v1/laptops
2025-12-24 12:18:23 [info]: PUT /v1/laptops/694b6e9db3b980b9a35c9d98
2025-12-24 12:18:23 [info]: GET /v1/laptops
2025-12-24 12:18:38 [info]: PUT /v1/laptops/694b6e9db3b980b9a35c9d99
2025-12-24 12:18:38 [info]: GET /v1/laptops
2025-12-24 12:19:04 [info]: PUT /v1/laptops/694b6e9db3b980b9a35c9d9a
2025-12-24 12:19:04 [info]: GET /v1/laptops
2025-12-24 12:19:42 [info]: PUT /v1/laptops/694b6e9db3b980b9a35c9d9b
2025-12-24 12:19:42 [info]: GET /v1/laptops
2025-12-24 12:20:02 [info]: PUT /v1/laptops/694b6e9db3b980b9a35c9d9c
2025-12-24 12:20:02 [info]: GET /v1/laptops
2025-12-24 12:20:36 [info]: PUT /v1/laptops/694b6e9db3b980b9a35c9d9d
2025-12-24 12:20:36 [info]: GET /v1/laptops
2025-12-24 12:20:53 [info]: PUT /v1/laptops/694b6e9db3b980b9a35c9d9e
2025-12-24 12:20:54 [info]: GET /v1/laptops
2025-12-24 12:21:12 [info]: PUT /v1/laptops/694b6e9db3b980b9a35c9d9f
2025-12-24 12:21:12 [info]: GET /v1/laptops
2025-12-24 12:21:26 [info]: PUT /v1/laptops/694b6e9db3b980b9a35c9da0
2025-12-24 12:21:26 [info]: GET /v1/laptops
2025-12-24 12:21:41 [info]: PUT /v1/laptops/694b6e9db3b980b9a35c9da1
2025-12-24 12:21:41 [info]: GET /v1/laptops
2025-12-24 12:21:57 [info]: PUT /v1/laptops/694b6e9db3b980b9a35c9da2
2025-12-24 12:21:57 [info]: GET /v1/laptops
2025-12-24 12:22:19 [info]: PUT /v1/laptops/694b6e9db3b980b9a35c9da3
2025-12-24 12:22:19 [info]: GET /v1/laptops
2025-12-24 12:22:39 [info]: PUT /v1/laptops/694b6e9db3b980b9a35c9da4
2025-12-24 12:22:39 [info]: GET /v1/laptops
2025-12-24 12:22:53 [info]: PUT /v1/laptops/694b6e9db3b980b9a35c9da5
2025-12-24 12:22:54 [info]: GET /v1/laptops
2025-12-24 12:23:09 [info]: PUT /v1/laptops/694b6e9db3b980b9a35c9da6
2025-12-24 12:23:09 [info]: GET /v1/laptops
2025-12-24 12:23:24 [info]: PUT /v1/laptops/694b6e9db3b980b9a35c9da7
2025-12-24 12:23:25 [info]: GET /v1/laptops
2025-12-24 12:23:44 [info]: PUT /v1/laptops/694b6e9db3b980b9a35c9da8
2025-12-24 12:23:45 [info]: GET /v1/laptops
2025-12-24 12:24:11 [info]: PUT /v1/laptops/694b6e9db3b980b9a35c9da9
2025-12-24 12:24:11 [info]: GET /v1/laptops
2025-12-24 12:24:28 [info]: PUT /v1/laptops/694b6e9db3b980b9a35c9daa
2025-12-24 12:24:29 [info]: GET /v1/laptops
2025-12-24 12:24:43 [info]: PUT /v1/laptops/694b6e9db3b980b9a35c9dad
2025-12-24 12:24:43 [info]: GET /v1/laptops
2025-12-24 12:24:56 [info]: PUT /v1/laptops/694b6e9db3b980b9a35c9dae
2025-12-24 12:24:56 [info]: GET /v1/laptops
2025-12-24 12:25:10 [info]: PUT /v1/laptops/694b6e9db3b980b9a35c9daf
2025-12-24 12:25:11 [info]: GET /v1/laptops
2025-12-24 12:25:24 [info]: PUT /v1/laptops/694b6e9db3b980b9a35c9db0
2025-12-24 12:25:24 [info]: GET /v1/laptops
2025-12-24 12:25:39 [info]: PUT /v1/laptops/694b6e9db3b980b9a35c9db1
2025-12-24 12:25:40 [info]: GET /v1/laptops
2025-12-24 12:26:10 [info]: PUT /v1/laptops/694b6e9db3b980b9a35c9db2
2025-12-24 12:26:11 [info]: GET /v1/laptops
2025-12-24 12:26:29 [info]: PUT /v1/laptops/694b6e9db3b980b9a35c9db3
2025-12-24 12:26:29 [info]: GET /v1/laptops
2025-12-24 12:26:51 [info]: PUT /v1/laptops/694b6e9db3b980b9a35c9db4
2025-12-24 12:26:51 [info]: GET /v1/laptops
2025-12-24 12:27:05 [info]: PUT /v1/laptops/694b6e9db3b980b9a35c9db5
2025-12-24 12:27:05 [info]: GET /v1/laptops
2025-12-24 12:27:20 [info]: PUT /v1/laptops/694b6e9db3b980b9a35c9db6
2025-12-24 12:27:20 [info]: GET /v1/laptops
2025-12-24 12:27:27 [info]: GET /v1/laptops
2025-12-24 12:27:27 [info]: GET /v1/categories/brands
2025-12-24 12:27:27 [info]: GET /v1/categories/laptop-categories
2025-12-24 12:27:49 [info]: GET /v1/laptops
2025-12-24 12:27:49 [info]: GET /v1/categories/brands
2025-12-24 12:27:49 [info]: GET /v1/categories/laptop-categories
